<?xml version="1.0" encoding="UTF-8"?>
<!-- Generated by org.testng.reporters.JUnitXMLReporter -->
<testsuite hostname="Fasid-Legion-Y540" ignored="2" name="BookMyShowApp" tests="18" failures="1" timestamp="2021-05-08T21:33:48 IST" time="383.631" errors="0">
  <testcase name="@AfterMethod cleanUp" time="0.014" classname="homepageTest.MoviesTestCases">
    <failure type="org.openqa.selenium.WebDriverException" message="Session [e094fe1504799d462db92f06f409f96b] was terminated due to BROWSER_TIMEOUT
Build info: version: &amp;apos;3.141.59&amp;apos;, revision: &amp;apos;e82be7d358&amp;apos;, time: &amp;apos;2018-11-14T08:17:03&amp;apos;
System info: host: &amp;apos;FASID-LEGION-Y5&amp;apos;, ip: &amp;apos;192.168.1.6&amp;apos;, os.name: &amp;apos;Windows 10&amp;apos;, os.arch: &amp;apos;amd64&amp;apos;, os.version: &amp;apos;10.0&amp;apos;, java.version: &amp;apos;1.8.0_281&amp;apos;
Driver info: org.openqa.selenium.remote.RemoteWebDriver
Capabilities {acceptInsecureCerts: false, browserName: chrome, browserVersion: 90.0.4430.85, chrome: {chromedriverVersion: 90.0.4430.24 (4c6d850f087da..., userDataDir: /tmp/.com.google.Chrome.YNez26}, goog:chromeOptions: {debuggerAddress: localhost:45969}, javascriptEnabled: true, networkConnectionEnabled: false, pageLoadStrategy: normal, platform: LINUX, platformName: LINUX, proxy: Proxy(), setWindowRect: true, strictFileInteractability: false, timeouts: {implicit: 0, pageLoad: 300000, script: 30000}, unhandledPromptBehavior: dismiss and notify, webauthn:extension:largeBlob: true, webauthn:virtualAuthenticators: true, webdriver.remote.sessionid: e094fe1504799d462db92f06f40...}
Session ID: e094fe1504799d462db92f06f409f96b">
      <![CDATA[org.openqa.selenium.WebDriverException: Session [e094fe1504799d462db92f06f409f96b] was terminated due to BROWSER_TIMEOUT
Build info: version: '3.141.59', revision: 'e82be7d358', time: '2018-11-14T08:17:03'
System info: host: 'FASID-LEGION-Y5', ip: '192.168.1.6', os.name: 'Windows 10', os.arch: 'amd64', os.version: '10.0', java.version: '1.8.0_281'
Driver info: org.openqa.selenium.remote.RemoteWebDriver
Capabilities {acceptInsecureCerts: false, browserName: chrome, browserVersion: 90.0.4430.85, chrome: {chromedriverVersion: 90.0.4430.24 (4c6d850f087da..., userDataDir: /tmp/.com.google.Chrome.YNez26}, goog:chromeOptions: {debuggerAddress: localhost:45969}, javascriptEnabled: true, networkConnectionEnabled: false, pageLoadStrategy: normal, platform: LINUX, platformName: LINUX, proxy: Proxy(), setWindowRect: true, strictFileInteractability: false, timeouts: {implicit: 0, pageLoad: 300000, script: 30000}, unhandledPromptBehavior: dismiss and notify, webauthn:extension:largeBlob: true, webauthn:virtualAuthenticators: true, webdriver.remote.sessionid: e094fe1504799d462db92f06f40...}
Session ID: e094fe1504799d462db92f06f409f96b
at org.openqa.selenium.remote.http.W3CHttpResponseCodec.createException(W3CHttpResponseCodec.java:187)
at org.openqa.selenium.remote.http.W3CHttpResponseCodec.decode(W3CHttpResponseCodec.java:122)
at org.openqa.selenium.remote.http.W3CHttpResponseCodec.decode(W3CHttpResponseCodec.java:49)
at org.openqa.selenium.remote.HttpCommandExecutor.execute(HttpCommandExecutor.java:158)
at org.openqa.selenium.remote.RemoteWebDriver.execute(RemoteWebDriver.java:552)
at org.openqa.selenium.remote.RemoteWebDriver.execute(RemoteWebDriver.java:609)
at org.openqa.selenium.remote.RemoteWebDriver.quit(RemoteWebDriver.java:452)
at core.BaseUtils$common.cleanUpOnFailure(BaseUtils.java:296)
at homepageTest.MoviesTestCases.cleanUp(MoviesTestCases.java:115)
at java.util.ArrayList.forEach(ArrayList.java:1259)
... Removed 36 stack frames]]>
    </failure>
  </testcase> <!-- @AfterMethod cleanUp -->
  <testcase name="@AfterMethod cleanUp" time="-1.620489518645E9" classname="homepageTest.MoviesTestCases">
    <skipped/>
  </testcase> <!-- @AfterMethod cleanUp -->
  <testcase name="@AfterMethod cleanUp" time="-1.62048951865E9" classname="homepageTest.MoviesTestCases">
    <skipped/>
  </testcase> <!-- @AfterMethod cleanUp -->
  <testcase name="printListOfAllTheLanguages_20013" time="25.94" classname="homepageTest.MoviesTestCases"/>
  <testcase name="testIsMoviesButtonPresent_20009" time="15.195" classname="homepageTest.MoviesTestCases"/>
  <testcase name="checkIfClearButtonIsActive_20010" time="30.84" classname="homepageTest.MoviesTestCases">
    <failure type="org.openqa.selenium.NoSuchSessionException" message="invalid session id
Build info: version: &amp;apos;3.141.59&amp;apos;, revision: &amp;apos;e82be7d358&amp;apos;, time: &amp;apos;2018-11-14T08:17:03&amp;apos;
System info: host: &amp;apos;FASID-LEGION-Y5&amp;apos;, ip: &amp;apos;192.168.1.6&amp;apos;, os.name: &amp;apos;Windows 10&amp;apos;, os.arch: &amp;apos;amd64&amp;apos;, os.version: &amp;apos;10.0&amp;apos;, java.version: &amp;apos;1.8.0_281&amp;apos;
Driver info: org.openqa.selenium.remote.RemoteWebDriver
Capabilities {acceptInsecureCerts: false, browserName: chrome, browserVersion: 90.0.4430.85, chrome: {chromedriverVersion: 90.0.4430.24 (4c6d850f087da..., userDataDir: /tmp/.com.google.Chrome.YNez26}, goog:chromeOptions: {debuggerAddress: localhost:45969}, javascriptEnabled: true, networkConnectionEnabled: false, pageLoadStrategy: normal, platform: LINUX, platformName: LINUX, proxy: Proxy(), setWindowRect: true, strictFileInteractability: false, timeouts: {implicit: 0, pageLoad: 300000, script: 30000}, unhandledPromptBehavior: dismiss and notify, webauthn:extension:largeBlob: true, webauthn:virtualAuthenticators: true, webdriver.remote.sessionid: e094fe1504799d462db92f06f40...}
Session ID: e094fe1504799d462db92f06f409f96b">
      <![CDATA[org.openqa.selenium.NoSuchSessionException: invalid session id
Build info: version: '3.141.59', revision: 'e82be7d358', time: '2018-11-14T08:17:03'
System info: host: 'FASID-LEGION-Y5', ip: '192.168.1.6', os.name: 'Windows 10', os.arch: 'amd64', os.version: '10.0', java.version: '1.8.0_281'
Driver info: org.openqa.selenium.remote.RemoteWebDriver
Capabilities {acceptInsecureCerts: false, browserName: chrome, browserVersion: 90.0.4430.85, chrome: {chromedriverVersion: 90.0.4430.24 (4c6d850f087da..., userDataDir: /tmp/.com.google.Chrome.YNez26}, goog:chromeOptions: {debuggerAddress: localhost:45969}, javascriptEnabled: true, networkConnectionEnabled: false, pageLoadStrategy: normal, platform: LINUX, platformName: LINUX, proxy: Proxy(), setWindowRect: true, strictFileInteractability: false, timeouts: {implicit: 0, pageLoad: 300000, script: 30000}, unhandledPromptBehavior: dismiss and notify, webauthn:extension:largeBlob: true, webauthn:virtualAuthenticators: true, webdriver.remote.sessionid: e094fe1504799d462db92f06f40...}
Session ID: e094fe1504799d462db92f06f409f96b
at org.openqa.selenium.remote.http.W3CHttpResponseCodec.createException(W3CHttpResponseCodec.java:187)
at org.openqa.selenium.remote.http.W3CHttpResponseCodec.decode(W3CHttpResponseCodec.java:122)
at org.openqa.selenium.remote.http.W3CHttpResponseCodec.decode(W3CHttpResponseCodec.java:49)
at org.openqa.selenium.remote.HttpCommandExecutor.execute(HttpCommandExecutor.java:158)
at org.openqa.selenium.remote.RemoteWebDriver.execute(RemoteWebDriver.java:552)
at org.openqa.selenium.remote.RemoteWebDriver.execute(RemoteWebDriver.java:609)
at org.openqa.selenium.remote.RemoteWebDriver.getScreenshotAs(RemoteWebDriver.java:295)
at core.BaseUtils$Screenshot.takeScreenshot(BaseUtils.java:542)
at core.BaseUtils$common.cleanUp(BaseUtils.java:313)
at core.BaseUtils.clickAndWait(BaseUtils.java:1000)
at homepageTest.MoviesTestCases.checkIfClearButtonIsActive_20010(MoviesTestCases.java:57)
at java.util.ArrayList.forEach(ArrayList.java:1259)
... Removed 31 stack frames]]>
    </failure>
  </testcase> <!-- checkIfClearButtonIsActive_20010 -->
  <testcase name="testIfLanguagesButtonIsActive_20011" time="0.0" classname="homepageTest.MoviesTestCases">
    <skipped/>
  </testcase> <!-- testIfLanguagesButtonIsActive_20011 -->
  <testcase name="testIfLanguagesAreDisplayed_20012" time="0.0" classname="homepageTest.MoviesTestCases">
    <skipped/>
  </testcase> <!-- testIfLanguagesAreDisplayed_20012 -->
  <testcase name="checkIfCityElementIsActive_20001" time="12.312" classname="homepageTest.SportsTestCases"/>
  <testcase name="getTheListOfAllSportsActivity_20007" time="25.595" classname="homepageTest.SportsTestCases"/>
  <testcase name="testScrollDownFunctionality_20008" time="24.873" classname="homepageTest.SportsTestCases"/>
  <testcase name="verifyIfTheListOfEventsAreDisplayed_20006" time="25.084" classname="homepageTest.SportsTestCases"/>
  <testcase name="selectCityFromTheList_20002" time="15.234" classname="homepageTest.SportsTestCases"/>
  <testcase name="testSportsLinkButton_20003" time="15.192" classname="homepageTest.SportsTestCases"/>
  <testcase name="testIfUserIsAbleToChangeTheCity_20004" time="24.191" classname="homepageTest.SportsTestCases"/>
  <testcase name="testThisWeekendFunctionality_20005" time="20.7" classname="homepageTest.SportsTestCases"/>
  <testcase name="testSignInButton_20014" time="19.621" classname="homepageTest.SignInTestCases"/>
  <testcase name="verifyIfContinueWithGoogleIsPresent_20015" time="19.348" classname="homepageTest.SignInTestCases"/>
  <testcase name="testContinueWithGoogleButton_20016" time="28.426" classname="homepageTest.SignInTestCases"/>
  <testcase name="signInWithInValidEmail_20019" time="38.838" classname="homepageTest.SignInTestCases"/>
  <testcase name="produceErrorWhileSignInWithoutEmail_20020" time="32.809" classname="homepageTest.SignInTestCases"/>
  <testcase name="signInWithValidEmail_20017" time="0.0" classname="homepageTest.SignInTestCases">
    <ignored/>
  </testcase> <!-- signInWithValidEmail_20017 -->
  <testcase name="signInWithValidEmailAndInvalidPassword_20018" time="0.0" classname="homepageTest.SignInTestCases">
    <ignored/>
  </testcase> <!-- signInWithValidEmailAndInvalidPassword_20018 -->
</testsuite> <!-- BookMyShowApp -->
