<!DOCTYPE html PUBLIC "-//W3C//DTD XHTML 1.1//EN" "https://www.w3.org/TR/xhtml11/DTD/xhtml11.dtd">
<html xmlns="https://www.w3.org/1999/xhtml">
<head>
<meta http-equiv="content-type" content="text/html; charset=UTF-8"/>
<title>TestNG Report</title>
<style type="text/css">table {margin-bottom:10px;border-collapse:collapse;empty-cells:show}th,td {border:1px solid #009;padding:.25em .5em}th {vertical-align:bottom}td {vertical-align:top}table a {font-weight:bold}.stripe td {background-color: #E6EBF9}.num {text-align:right}.passedodd td {background-color: #3F3}.passedeven td {background-color: #0A0}.skippedodd td {background-color: #DDD}.skippedeven td {background-color: #CCC}.failedodd td,.attn {background-color: #F33}.failedeven td,.stripe .attn {background-color: #D00}.stacktrace {white-space:pre;font-family:monospace}.totop {font-size:85%;text-align:center;border-bottom:2px solid #000}.invisible {display:none}</style>
</head>
<body>
<table>
<tr><th>Test</th><th># Passed</th><th># Skipped</th><th># Retried</th><th># Failed</th><th>Time (ms)</th><th>Included Groups</th><th>Excluded Groups</th></tr>
<tr><th colspan="8">Regression TestSuite</th></tr>
<tr><td><a href="#t0">BookMyShowApp</a></td><td class="num">15</td><td class="num attn">2</td><td class="num">0</td><td class="num attn">1</td><td class="num">383,631</td><td></td><td></td></tr>
</table>
<table id='summary'><thead><tr><th>Class</th><th>Method</th><th>Start</th><th>Time (ms)</th></tr></thead><tbody><tr><th colspan="4">Regression TestSuite</th></tr></tbody><tbody id="t0"><tr><th colspan="4">BookMyShowApp &#8212; failed (configuration methods)</th></tr><tr class="failedeven"><td rowspan="1">homepageTest.MoviesTestCases</td><td><a href="#m0">cleanUp</a></td><td rowspan="1">1620489518622</td><td rowspan="1">14</td></tr><tr><th colspan="4">BookMyShowApp &#8212; failed</th></tr><tr class="failedeven"><td rowspan="1">homepageTest.MoviesTestCases</td><td><a href="#m1">checkIfClearButtonIsActive_20010</a></td><td rowspan="1">1620489487779</td><td rowspan="1">30840</td></tr><tr><th colspan="4">BookMyShowApp &#8212; skipped (configuration methods)</th></tr><tr class="skippedeven"><td rowspan="2">homepageTest.MoviesTestCases</td><td><a href="#m2">cleanUp</a></td><td rowspan="2">1620489518645</td><td rowspan="2">-1620489518645</td></tr><tr class="skippedeven"><td><a href="#m3">cleanUp</a></td></tr><tr><th colspan="4">BookMyShowApp &#8212; skipped</th></tr><tr class="skippedeven"><td rowspan="2">homepageTest.MoviesTestCases</td><td><a href="#m4">testIfLanguagesAreDisplayed_20012</a></td><td rowspan="1">1620489518647</td><td rowspan="1">0</td></tr><tr class="skippedeven"><td><a href="#m5">testIfLanguagesButtonIsActive_20011</a></td><td rowspan="1">1620489518642</td><td rowspan="1">0</td></tr><tr><th colspan="4">BookMyShowApp &#8212; passed</th></tr><tr class="passedeven"><td rowspan="2">homepageTest.MoviesTestCases</td><td><a href="#m6">printListOfAllTheLanguages_20013</a></td><td rowspan="1">1620489445687</td><td rowspan="1">25940</td></tr><tr class="passedeven"><td><a href="#m7">testIsMoviesButtonPresent_20009</a></td><td rowspan="1">1620489472114</td><td rowspan="1">15195</td></tr><tr class="passedodd"><td rowspan="5">homepageTest.SignInTestCases</td><td><a href="#m8">produceErrorWhileSignInWithoutEmail_20020</a></td><td rowspan="1">1620489795069</td><td rowspan="1">32809</td></tr><tr class="passedodd"><td><a href="#m9">signInWithInValidEmail_20019</a></td><td rowspan="1">1620489755794</td><td rowspan="1">38838</td></tr><tr class="passedodd"><td><a href="#m10">testContinueWithGoogleButton_20016</a></td><td rowspan="1">1620489726957</td><td rowspan="1">28426</td></tr><tr class="passedodd"><td><a href="#m11">testSignInButton_20014</a></td><td rowspan="1">1620489687193</td><td rowspan="1">19621</td></tr><tr class="passedodd"><td><a href="#m12">verifyIfContinueWithGoogleIsPresent_20015</a></td><td rowspan="1">1620489707199</td><td rowspan="1">19348</td></tr><tr class="passedeven"><td rowspan="8">homepageTest.SportsTestCases</td><td><a href="#m13">checkIfCityElementIsActive_20001</a></td><td rowspan="1">1620489518794</td><td rowspan="1">12312</td></tr><tr class="passedeven"><td><a href="#m14">getTheListOfAllSportsActivity_20007</a></td><td rowspan="1">1620489531576</td><td rowspan="1">25595</td></tr><tr class="passedeven"><td><a href="#m15">selectCityFromTheList_20002</a></td><td rowspan="1">1620489610046</td><td rowspan="1">15234</td></tr><tr class="passedeven"><td><a href="#m16">testIfUserIsAbleToChangeTheCity_20004</a></td><td rowspan="1">1620489641394</td><td rowspan="1">24191</td></tr><tr class="passedeven"><td><a href="#m17">testScrollDownFunctionality_20008</a></td><td rowspan="1">1620489558353</td><td rowspan="1">24873</td></tr><tr class="passedeven"><td><a href="#m18">testSportsLinkButton_20003</a></td><td rowspan="1">1620489625747</td><td rowspan="1">15192</td></tr><tr class="passedeven"><td><a href="#m19">testThisWeekendFunctionality_20005</a></td><td rowspan="1">1620489665919</td><td rowspan="1">20700</td></tr><tr class="passedeven"><td><a href="#m20">verifyIfTheListOfEventsAreDisplayed_20006</a></td><td rowspan="1">1620489584548</td><td rowspan="1">25084</td></tr></tbody>
</table>
<h2>BookMyShowApp</h2><h3 id="m0">homepageTest.MoviesTestCases#cleanUp</h3><table class="result"><tr class="param"><th>Parameter #1</th></tr><tr class="param stripe"><td>[TestResult name=checkIfClearButtonIsActive_20010 status=FAILURE method=MoviesTestCases.checkIfClearButtonIsActive_20010(java.lang.reflect.Method)[pri:1, instance:homepageTest.MoviesTestCases@13c27452] output={null}]</td></tr><tr><th>Exception</th></tr><tr><td><div class="stacktrace">org.openqa.selenium.WebDriverException: Session [e094fe1504799d462db92f06f409f96b] was terminated due to BROWSER_TIMEOUT
Build info: version: &apos;3.141.59&apos;, revision: &apos;e82be7d358&apos;, time: &apos;2018-11-14T08:17:03&apos;
System info: host: &apos;FASID-LEGION-Y5&apos;, ip: &apos;192.168.1.6&apos;, os.name: &apos;Windows 10&apos;, os.arch: &apos;amd64&apos;, os.version: &apos;10.0&apos;, java.version: &apos;1.8.0_281&apos;
Driver info: org.openqa.selenium.remote.RemoteWebDriver
Capabilities {acceptInsecureCerts: false, browserName: chrome, browserVersion: 90.0.4430.85, chrome: {chromedriverVersion: 90.0.4430.24 (4c6d850f087da..., userDataDir: /tmp/.com.google.Chrome.YNez26}, goog:chromeOptions: {debuggerAddress: localhost:45969}, javascriptEnabled: true, networkConnectionEnabled: false, pageLoadStrategy: normal, platform: LINUX, platformName: LINUX, proxy: Proxy(), setWindowRect: true, strictFileInteractability: false, timeouts: {implicit: 0, pageLoad: 300000, script: 30000}, unhandledPromptBehavior: dismiss and notify, webauthn:extension:largeBlob: true, webauthn:virtualAuthenticators: true, webdriver.remote.sessionid: e094fe1504799d462db92f06f40...}
Session ID: e094fe1504799d462db92f06f409f96b
	at org.openqa.selenium.remote.http.W3CHttpResponseCodec.createException(W3CHttpResponseCodec.java:187)
	at org.openqa.selenium.remote.http.W3CHttpResponseCodec.decode(W3CHttpResponseCodec.java:122)
	at org.openqa.selenium.remote.http.W3CHttpResponseCodec.decode(W3CHttpResponseCodec.java:49)
	at org.openqa.selenium.remote.HttpCommandExecutor.execute(HttpCommandExecutor.java:158)
	at org.openqa.selenium.remote.RemoteWebDriver.execute(RemoteWebDriver.java:552)
	at org.openqa.selenium.remote.RemoteWebDriver.execute(RemoteWebDriver.java:609)
	at org.openqa.selenium.remote.RemoteWebDriver.quit(RemoteWebDriver.java:452)
	at core.BaseUtils$common.cleanUpOnFailure(BaseUtils.java:296)
	at homepageTest.MoviesTestCases.cleanUp(MoviesTestCases.java:115)
	at java.util.ArrayList.forEach(ArrayList.java:1259)
... Removed 36 stack frames</div></td></tr></table><p class="totop"><a href="#summary">back to summary</a></p>
<h3 id="m1">homepageTest.MoviesTestCases#checkIfClearButtonIsActive_20010</h3><table class="result"><tr class="param"><th>Parameter #1</th></tr><tr class="param stripe"><td>public void homepageTest.MoviesTestCases.checkIfClearButtonIsActive_20010(java.lang.reflect.Method)</td></tr><tr><th>Exception</th></tr><tr><td><div class="stacktrace">org.openqa.selenium.NoSuchSessionException: invalid session id
Build info: version: &apos;3.141.59&apos;, revision: &apos;e82be7d358&apos;, time: &apos;2018-11-14T08:17:03&apos;
System info: host: &apos;FASID-LEGION-Y5&apos;, ip: &apos;192.168.1.6&apos;, os.name: &apos;Windows 10&apos;, os.arch: &apos;amd64&apos;, os.version: &apos;10.0&apos;, java.version: &apos;1.8.0_281&apos;
Driver info: org.openqa.selenium.remote.RemoteWebDriver
Capabilities {acceptInsecureCerts: false, browserName: chrome, browserVersion: 90.0.4430.85, chrome: {chromedriverVersion: 90.0.4430.24 (4c6d850f087da..., userDataDir: /tmp/.com.google.Chrome.YNez26}, goog:chromeOptions: {debuggerAddress: localhost:45969}, javascriptEnabled: true, networkConnectionEnabled: false, pageLoadStrategy: normal, platform: LINUX, platformName: LINUX, proxy: Proxy(), setWindowRect: true, strictFileInteractability: false, timeouts: {implicit: 0, pageLoad: 300000, script: 30000}, unhandledPromptBehavior: dismiss and notify, webauthn:extension:largeBlob: true, webauthn:virtualAuthenticators: true, webdriver.remote.sessionid: e094fe1504799d462db92f06f40...}
Session ID: e094fe1504799d462db92f06f409f96b
	at org.openqa.selenium.remote.http.W3CHttpResponseCodec.createException(W3CHttpResponseCodec.java:187)
	at org.openqa.selenium.remote.http.W3CHttpResponseCodec.decode(W3CHttpResponseCodec.java:122)
	at org.openqa.selenium.remote.http.W3CHttpResponseCodec.decode(W3CHttpResponseCodec.java:49)
	at org.openqa.selenium.remote.HttpCommandExecutor.execute(HttpCommandExecutor.java:158)
	at org.openqa.selenium.remote.RemoteWebDriver.execute(RemoteWebDriver.java:552)
	at org.openqa.selenium.remote.RemoteWebDriver.execute(RemoteWebDriver.java:609)
	at org.openqa.selenium.remote.RemoteWebDriver.getScreenshotAs(RemoteWebDriver.java:295)
	at core.BaseUtils$Screenshot.takeScreenshot(BaseUtils.java:542)
	at core.BaseUtils$common.cleanUp(BaseUtils.java:313)
	at core.BaseUtils.clickAndWait(BaseUtils.java:1000)
	at homepageTest.MoviesTestCases.checkIfClearButtonIsActive_20010(MoviesTestCases.java:57)
	at java.util.ArrayList.forEach(ArrayList.java:1259)
... Removed 31 stack frames</div></td></tr></table><p class="totop"><a href="#summary">back to summary</a></p>
<h3 id="m2">homepageTest.MoviesTestCases#cleanUp</h3><table class="result"><tr><th class="invisible"/></tr></table><p class="totop"><a href="#summary">back to summary</a></p>
<h3 id="m3">homepageTest.MoviesTestCases#cleanUp</h3><table class="result"><tr><th class="invisible"/></tr></table><p class="totop"><a href="#summary">back to summary</a></p>
<h3 id="m4">homepageTest.MoviesTestCases#testIfLanguagesAreDisplayed_20012</h3><table class="result"><tr class="param"><th>Parameter #1</th></tr><tr class="param stripe"><td>public void homepageTest.MoviesTestCases.testIfLanguagesAreDisplayed_20012(java.lang.reflect.Method)</td></tr><tr><th>Exception</th></tr><tr><td><div class="stacktrace">org.openqa.selenium.WebDriverException: Session [e094fe1504799d462db92f06f409f96b] was terminated due to BROWSER_TIMEOUT
Build info: version: &apos;3.141.59&apos;, revision: &apos;e82be7d358&apos;, time: &apos;2018-11-14T08:17:03&apos;
System info: host: &apos;FASID-LEGION-Y5&apos;, ip: &apos;192.168.1.6&apos;, os.name: &apos;Windows 10&apos;, os.arch: &apos;amd64&apos;, os.version: &apos;10.0&apos;, java.version: &apos;1.8.0_281&apos;
Driver info: org.openqa.selenium.remote.RemoteWebDriver
Capabilities {acceptInsecureCerts: false, browserName: chrome, browserVersion: 90.0.4430.85, chrome: {chromedriverVersion: 90.0.4430.24 (4c6d850f087da..., userDataDir: /tmp/.com.google.Chrome.YNez26}, goog:chromeOptions: {debuggerAddress: localhost:45969}, javascriptEnabled: true, networkConnectionEnabled: false, pageLoadStrategy: normal, platform: LINUX, platformName: LINUX, proxy: Proxy(), setWindowRect: true, strictFileInteractability: false, timeouts: {implicit: 0, pageLoad: 300000, script: 30000}, unhandledPromptBehavior: dismiss and notify, webauthn:extension:largeBlob: true, webauthn:virtualAuthenticators: true, webdriver.remote.sessionid: e094fe1504799d462db92f06f40...}
Session ID: e094fe1504799d462db92f06f409f96b
	at org.openqa.selenium.remote.http.W3CHttpResponseCodec.createException(W3CHttpResponseCodec.java:187)
	at org.openqa.selenium.remote.http.W3CHttpResponseCodec.decode(W3CHttpResponseCodec.java:122)
	at org.openqa.selenium.remote.http.W3CHttpResponseCodec.decode(W3CHttpResponseCodec.java:49)
	at org.openqa.selenium.remote.HttpCommandExecutor.execute(HttpCommandExecutor.java:158)
	at org.openqa.selenium.remote.RemoteWebDriver.execute(RemoteWebDriver.java:552)
	at org.openqa.selenium.remote.RemoteWebDriver.execute(RemoteWebDriver.java:609)
	at org.openqa.selenium.remote.RemoteWebDriver.quit(RemoteWebDriver.java:452)
	at core.BaseUtils$common.cleanUpOnFailure(BaseUtils.java:296)
	at homepageTest.MoviesTestCases.cleanUp(MoviesTestCases.java:115)
	at java.util.ArrayList.forEach(ArrayList.java:1259)
... Removed 36 stack frames</div></td></tr></table><p class="totop"><a href="#summary">back to summary</a></p>
<h3 id="m5">homepageTest.MoviesTestCases#testIfLanguagesButtonIsActive_20011</h3><table class="result"><tr class="param"><th>Parameter #1</th></tr><tr class="param stripe"><td>public void homepageTest.MoviesTestCases.testIfLanguagesButtonIsActive_20011(java.lang.reflect.Method)</td></tr><tr><th>Exception</th></tr><tr><td><div class="stacktrace">org.openqa.selenium.WebDriverException: Session [e094fe1504799d462db92f06f409f96b] was terminated due to BROWSER_TIMEOUT
Build info: version: &apos;3.141.59&apos;, revision: &apos;e82be7d358&apos;, time: &apos;2018-11-14T08:17:03&apos;
System info: host: &apos;FASID-LEGION-Y5&apos;, ip: &apos;192.168.1.6&apos;, os.name: &apos;Windows 10&apos;, os.arch: &apos;amd64&apos;, os.version: &apos;10.0&apos;, java.version: &apos;1.8.0_281&apos;
Driver info: org.openqa.selenium.remote.RemoteWebDriver
Capabilities {acceptInsecureCerts: false, browserName: chrome, browserVersion: 90.0.4430.85, chrome: {chromedriverVersion: 90.0.4430.24 (4c6d850f087da..., userDataDir: /tmp/.com.google.Chrome.YNez26}, goog:chromeOptions: {debuggerAddress: localhost:45969}, javascriptEnabled: true, networkConnectionEnabled: false, pageLoadStrategy: normal, platform: LINUX, platformName: LINUX, proxy: Proxy(), setWindowRect: true, strictFileInteractability: false, timeouts: {implicit: 0, pageLoad: 300000, script: 30000}, unhandledPromptBehavior: dismiss and notify, webauthn:extension:largeBlob: true, webauthn:virtualAuthenticators: true, webdriver.remote.sessionid: e094fe1504799d462db92f06f40...}
Session ID: e094fe1504799d462db92f06f409f96b
	at org.openqa.selenium.remote.http.W3CHttpResponseCodec.createException(W3CHttpResponseCodec.java:187)
	at org.openqa.selenium.remote.http.W3CHttpResponseCodec.decode(W3CHttpResponseCodec.java:122)
	at org.openqa.selenium.remote.http.W3CHttpResponseCodec.decode(W3CHttpResponseCodec.java:49)
	at org.openqa.selenium.remote.HttpCommandExecutor.execute(HttpCommandExecutor.java:158)
	at org.openqa.selenium.remote.RemoteWebDriver.execute(RemoteWebDriver.java:552)
	at org.openqa.selenium.remote.RemoteWebDriver.execute(RemoteWebDriver.java:609)
	at org.openqa.selenium.remote.RemoteWebDriver.quit(RemoteWebDriver.java:452)
	at core.BaseUtils$common.cleanUpOnFailure(BaseUtils.java:296)
	at homepageTest.MoviesTestCases.cleanUp(MoviesTestCases.java:115)
	at java.util.ArrayList.forEach(ArrayList.java:1259)
... Removed 36 stack frames</div></td></tr></table><p class="totop"><a href="#summary">back to summary</a></p>
<h3 id="m6">homepageTest.MoviesTestCases#printListOfAllTheLanguages_20013</h3><table class="result"><tr class="param"><th>Parameter #1</th></tr><tr class="param stripe"><td>public void homepageTest.MoviesTestCases.printListOfAllTheLanguages_20013(java.lang.reflect.Method)</td></tr></table><p class="totop"><a href="#summary">back to summary</a></p>
<h3 id="m7">homepageTest.MoviesTestCases#testIsMoviesButtonPresent_20009</h3><table class="result"><tr class="param"><th>Parameter #1</th></tr><tr class="param stripe"><td>public void homepageTest.MoviesTestCases.testIsMoviesButtonPresent_20009(java.lang.reflect.Method)</td></tr></table><p class="totop"><a href="#summary">back to summary</a></p>
<h3 id="m8">homepageTest.SignInTestCases#produceErrorWhileSignInWithoutEmail_20020</h3><table class="result"><tr class="param"><th>Parameter #1</th></tr><tr class="param stripe"><td>public void homepageTest.SignInTestCases.produceErrorWhileSignInWithoutEmail_20020(java.lang.reflect.Method)</td></tr></table><p class="totop"><a href="#summary">back to summary</a></p>
<h3 id="m9">homepageTest.SignInTestCases#signInWithInValidEmail_20019</h3><table class="result"><tr class="param"><th>Parameter #1</th></tr><tr class="param stripe"><td>public void homepageTest.SignInTestCases.signInWithInValidEmail_20019(java.lang.reflect.Method)</td></tr></table><p class="totop"><a href="#summary">back to summary</a></p>
<h3 id="m10">homepageTest.SignInTestCases#testContinueWithGoogleButton_20016</h3><table class="result"><tr class="param"><th>Parameter #1</th></tr><tr class="param stripe"><td>public void homepageTest.SignInTestCases.testContinueWithGoogleButton_20016(java.lang.reflect.Method)</td></tr></table><p class="totop"><a href="#summary">back to summary</a></p>
<h3 id="m11">homepageTest.SignInTestCases#testSignInButton_20014</h3><table class="result"><tr class="param"><th>Parameter #1</th></tr><tr class="param stripe"><td>public void homepageTest.SignInTestCases.testSignInButton_20014(java.lang.reflect.Method)</td></tr></table><p class="totop"><a href="#summary">back to summary</a></p>
<h3 id="m12">homepageTest.SignInTestCases#verifyIfContinueWithGoogleIsPresent_20015</h3><table class="result"><tr class="param"><th>Parameter #1</th></tr><tr class="param stripe"><td>public void homepageTest.SignInTestCases.verifyIfContinueWithGoogleIsPresent_20015(java.lang.reflect.Method)</td></tr></table><p class="totop"><a href="#summary">back to summary</a></p>
<h3 id="m13">homepageTest.SportsTestCases#checkIfCityElementIsActive_20001</h3><table class="result"><tr class="param"><th>Parameter #1</th></tr><tr class="param stripe"><td>public void homepageTest.SportsTestCases.checkIfCityElementIsActive_20001(java.lang.reflect.Method)</td></tr></table><p class="totop"><a href="#summary">back to summary</a></p>
<h3 id="m14">homepageTest.SportsTestCases#getTheListOfAllSportsActivity_20007</h3><table class="result"><tr class="param"><th>Parameter #1</th></tr><tr class="param stripe"><td>public void homepageTest.SportsTestCases.getTheListOfAllSportsActivity_20007(java.lang.reflect.Method)</td></tr></table><p class="totop"><a href="#summary">back to summary</a></p>
<h3 id="m15">homepageTest.SportsTestCases#selectCityFromTheList_20002</h3><table class="result"><tr class="param"><th>Parameter #1</th></tr><tr class="param stripe"><td>public void homepageTest.SportsTestCases.selectCityFromTheList_20002(java.lang.reflect.Method)</td></tr></table><p class="totop"><a href="#summary">back to summary</a></p>
<h3 id="m16">homepageTest.SportsTestCases#testIfUserIsAbleToChangeTheCity_20004</h3><table class="result"><tr class="param"><th>Parameter #1</th></tr><tr class="param stripe"><td>public void homepageTest.SportsTestCases.testIfUserIsAbleToChangeTheCity_20004(java.lang.reflect.Method)</td></tr></table><p class="totop"><a href="#summary">back to summary</a></p>
<h3 id="m17">homepageTest.SportsTestCases#testScrollDownFunctionality_20008</h3><table class="result"><tr class="param"><th>Parameter #1</th></tr><tr class="param stripe"><td>public void homepageTest.SportsTestCases.testScrollDownFunctionality_20008(java.lang.reflect.Method)</td></tr></table><p class="totop"><a href="#summary">back to summary</a></p>
<h3 id="m18">homepageTest.SportsTestCases#testSportsLinkButton_20003</h3><table class="result"><tr class="param"><th>Parameter #1</th></tr><tr class="param stripe"><td>public void homepageTest.SportsTestCases.testSportsLinkButton_20003(java.lang.reflect.Method)</td></tr></table><p class="totop"><a href="#summary">back to summary</a></p>
<h3 id="m19">homepageTest.SportsTestCases#testThisWeekendFunctionality_20005</h3><table class="result"><tr class="param"><th>Parameter #1</th></tr><tr class="param stripe"><td>public void homepageTest.SportsTestCases.testThisWeekendFunctionality_20005(java.lang.reflect.Method)</td></tr></table><p class="totop"><a href="#summary">back to summary</a></p>
<h3 id="m20">homepageTest.SportsTestCases#verifyIfTheListOfEventsAreDisplayed_20006</h3><table class="result"><tr class="param"><th>Parameter #1</th></tr><tr class="param stripe"><td>public void homepageTest.SportsTestCases.verifyIfTheListOfEventsAreDisplayed_20006(java.lang.reflect.Method)</td></tr></table><p class="totop"><a href="#summary">back to summary</a></p>
</body>
</html>
