<?xml version="1.0" encoding="UTF-8"?>
<testng-results skipped="2" failed="1" ignored="2" total="20" passed="15">
  <reporter-output>
  </reporter-output>
  <suite name="Regression TestSuite" duration-ms="383631" started-at="2021-05-08T21:27:24 IST" finished-at="2021-05-08T21:33:48 IST">
    <groups>
    </groups>
    <test name="BookMyShowApp" duration-ms="383631" started-at="2021-05-08T21:27:24 IST" finished-at="2021-05-08T21:33:48 IST">
      <class name="homepageTest.SportsTestCases">
        <test-method status="PASS" signature="setUp()[pri:0, instance:homepageTest.SportsTestCases@1a3869f4]" name="setUp" is-config="true" duration-ms="143" started-at="2021-05-08T21:28:38 IST" finished-at="2021-05-08T21:28:38 IST">
          <reporter-output>
          </reporter-output>
        </test-method> <!-- setUp -->
        <test-method status="PASS" signature="checkIfCityElementIsActive_20001(java.lang.reflect.Method)[pri:0, instance:homepageTest.SportsTestCases@1a3869f4]" name="checkIfCityElementIsActive_20001" duration-ms="12312" started-at="2021-05-08T21:28:38 IST" finished-at="2021-05-08T21:28:51 IST">
          <params>
            <param index="0">
              <value>
                <![CDATA[public void homepageTest.SportsTestCases.checkIfCityElementIsActive_20001(java.lang.reflect.Method)]]>
              </value>
            </param>
          </params>
          <reporter-output>
          </reporter-output>
        </test-method> <!-- checkIfCityElementIsActive_20001 -->
        <test-method status="PASS" signature="cleanUp(org.testng.ITestResult)[pri:0, instance:homepageTest.SportsTestCases@1a3869f4]" name="cleanUp" is-config="true" duration-ms="469" started-at="2021-05-08T21:28:51 IST" finished-at="2021-05-08T21:28:51 IST">
          <params>
            <param index="0">
              <value>
                <![CDATA[[TestResult name=checkIfCityElementIsActive_20001 status=SUCCESS method=SportsTestCases.checkIfCityElementIsActive_20001(java.lang.reflect.Method)[pri:0, instance:homepageTest.SportsTestCases@1a3869f4] output={null}]]]>
              </value>
            </param>
          </params>
          <reporter-output>
          </reporter-output>
        </test-method> <!-- cleanUp -->
        <test-method status="PASS" signature="getTheListOfAllSportsActivity_20007(java.lang.reflect.Method)[pri:0, instance:homepageTest.SportsTestCases@1a3869f4]" name="getTheListOfAllSportsActivity_20007" duration-ms="25595" started-at="2021-05-08T21:28:51 IST" finished-at="2021-05-08T21:29:17 IST">
          <params>
            <param index="0">
              <value>
                <![CDATA[public void homepageTest.SportsTestCases.getTheListOfAllSportsActivity_20007(java.lang.reflect.Method)]]>
              </value>
            </param>
          </params>
          <reporter-output>
          </reporter-output>
        </test-method> <!-- getTheListOfAllSportsActivity_20007 -->
        <test-method status="PASS" signature="cleanUp(org.testng.ITestResult)[pri:0, instance:homepageTest.SportsTestCases@1a3869f4]" name="cleanUp" is-config="true" duration-ms="1179" started-at="2021-05-08T21:29:17 IST" finished-at="2021-05-08T21:29:18 IST">
          <params>
            <param index="0">
              <value>
                <![CDATA[[TestResult name=getTheListOfAllSportsActivity_20007 status=SUCCESS method=SportsTestCases.getTheListOfAllSportsActivity_20007(java.lang.reflect.Method)[pri:0, instance:homepageTest.SportsTestCases@1a3869f4] output={null}]]]>
              </value>
            </param>
          </params>
          <reporter-output>
          </reporter-output>
        </test-method> <!-- cleanUp -->
        <test-method status="PASS" signature="testScrollDownFunctionality_20008(java.lang.reflect.Method)[pri:0, instance:homepageTest.SportsTestCases@1a3869f4]" name="testScrollDownFunctionality_20008" duration-ms="24873" started-at="2021-05-08T21:29:18 IST" finished-at="2021-05-08T21:29:43 IST">
          <params>
            <param index="0">
              <value>
                <![CDATA[public void homepageTest.SportsTestCases.testScrollDownFunctionality_20008(java.lang.reflect.Method)]]>
              </value>
            </param>
          </params>
          <reporter-output>
          </reporter-output>
        </test-method> <!-- testScrollDownFunctionality_20008 -->
        <test-method status="PASS" signature="cleanUp(org.testng.ITestResult)[pri:0, instance:homepageTest.SportsTestCases@1a3869f4]" name="cleanUp" is-config="true" duration-ms="1321" started-at="2021-05-08T21:29:43 IST" finished-at="2021-05-08T21:29:44 IST">
          <params>
            <param index="0">
              <value>
                <![CDATA[[TestResult name=testScrollDownFunctionality_20008 status=SUCCESS method=SportsTestCases.testScrollDownFunctionality_20008(java.lang.reflect.Method)[pri:0, instance:homepageTest.SportsTestCases@1a3869f4] output={null}]]]>
              </value>
            </param>
          </params>
          <reporter-output>
          </reporter-output>
        </test-method> <!-- cleanUp -->
        <test-method status="PASS" signature="verifyIfTheListOfEventsAreDisplayed_20006(java.lang.reflect.Method)[pri:0, instance:homepageTest.SportsTestCases@1a3869f4]" name="verifyIfTheListOfEventsAreDisplayed_20006" duration-ms="25084" started-at="2021-05-08T21:29:44 IST" finished-at="2021-05-08T21:30:09 IST">
          <params>
            <param index="0">
              <value>
                <![CDATA[public void homepageTest.SportsTestCases.verifyIfTheListOfEventsAreDisplayed_20006(java.lang.reflect.Method)]]>
              </value>
            </param>
          </params>
          <reporter-output>
          </reporter-output>
        </test-method> <!-- verifyIfTheListOfEventsAreDisplayed_20006 -->
        <test-method status="PASS" signature="cleanUp(org.testng.ITestResult)[pri:0, instance:homepageTest.SportsTestCases@1a3869f4]" name="cleanUp" is-config="true" duration-ms="412" started-at="2021-05-08T21:30:09 IST" finished-at="2021-05-08T21:30:10 IST">
          <params>
            <param index="0">
              <value>
                <![CDATA[[TestResult name=verifyIfTheListOfEventsAreDisplayed_20006 status=SUCCESS method=SportsTestCases.verifyIfTheListOfEventsAreDisplayed_20006(java.lang.reflect.Method)[pri:0, instance:homepageTest.SportsTestCases@1a3869f4] output={null}]]]>
              </value>
            </param>
          </params>
          <reporter-output>
          </reporter-output>
        </test-method> <!-- cleanUp -->
        <test-method status="PASS" signature="selectCityFromTheList_20002(java.lang.reflect.Method)[pri:1, instance:homepageTest.SportsTestCases@1a3869f4]" name="selectCityFromTheList_20002" duration-ms="15234" started-at="2021-05-08T21:30:10 IST" finished-at="2021-05-08T21:30:25 IST">
          <params>
            <param index="0">
              <value>
                <![CDATA[public void homepageTest.SportsTestCases.selectCityFromTheList_20002(java.lang.reflect.Method)]]>
              </value>
            </param>
          </params>
          <reporter-output>
          </reporter-output>
        </test-method> <!-- selectCityFromTheList_20002 -->
        <test-method status="PASS" signature="cleanUp(org.testng.ITestResult)[pri:0, instance:homepageTest.SportsTestCases@1a3869f4]" name="cleanUp" is-config="true" duration-ms="467" started-at="2021-05-08T21:30:25 IST" finished-at="2021-05-08T21:30:25 IST">
          <params>
            <param index="0">
              <value>
                <![CDATA[[TestResult name=selectCityFromTheList_20002 status=SUCCESS method=SportsTestCases.selectCityFromTheList_20002(java.lang.reflect.Method)[pri:1, instance:homepageTest.SportsTestCases@1a3869f4] output={null}]]]>
              </value>
            </param>
          </params>
          <reporter-output>
          </reporter-output>
        </test-method> <!-- cleanUp -->
        <test-method status="PASS" signature="testSportsLinkButton_20003(java.lang.reflect.Method)[pri:2, instance:homepageTest.SportsTestCases@1a3869f4]" name="testSportsLinkButton_20003" duration-ms="15192" started-at="2021-05-08T21:30:25 IST" finished-at="2021-05-08T21:30:40 IST">
          <params>
            <param index="0">
              <value>
                <![CDATA[public void homepageTest.SportsTestCases.testSportsLinkButton_20003(java.lang.reflect.Method)]]>
              </value>
            </param>
          </params>
          <reporter-output>
          </reporter-output>
        </test-method> <!-- testSportsLinkButton_20003 -->
        <test-method status="PASS" signature="cleanUp(org.testng.ITestResult)[pri:0, instance:homepageTest.SportsTestCases@1a3869f4]" name="cleanUp" is-config="true" duration-ms="455" started-at="2021-05-08T21:30:40 IST" finished-at="2021-05-08T21:30:41 IST">
          <params>
            <param index="0">
              <value>
                <![CDATA[[TestResult name=testSportsLinkButton_20003 status=SUCCESS method=SportsTestCases.testSportsLinkButton_20003(java.lang.reflect.Method)[pri:2, instance:homepageTest.SportsTestCases@1a3869f4] output={null}]]]>
              </value>
            </param>
          </params>
          <reporter-output>
          </reporter-output>
        </test-method> <!-- cleanUp -->
        <test-method status="PASS" signature="testIfUserIsAbleToChangeTheCity_20004(java.lang.reflect.Method)[pri:3, instance:homepageTest.SportsTestCases@1a3869f4]" name="testIfUserIsAbleToChangeTheCity_20004" duration-ms="24191" started-at="2021-05-08T21:30:41 IST" finished-at="2021-05-08T21:31:05 IST">
          <params>
            <param index="0">
              <value>
                <![CDATA[public void homepageTest.SportsTestCases.testIfUserIsAbleToChangeTheCity_20004(java.lang.reflect.Method)]]>
              </value>
            </param>
          </params>
          <reporter-output>
          </reporter-output>
        </test-method> <!-- testIfUserIsAbleToChangeTheCity_20004 -->
        <test-method status="PASS" signature="cleanUp(org.testng.ITestResult)[pri:0, instance:homepageTest.SportsTestCases@1a3869f4]" name="cleanUp" is-config="true" duration-ms="332" started-at="2021-05-08T21:31:05 IST" finished-at="2021-05-08T21:31:05 IST">
          <params>
            <param index="0">
              <value>
                <![CDATA[[TestResult name=testIfUserIsAbleToChangeTheCity_20004 status=SUCCESS method=SportsTestCases.testIfUserIsAbleToChangeTheCity_20004(java.lang.reflect.Method)[pri:3, instance:homepageTest.SportsTestCases@1a3869f4] output={null}]]]>
              </value>
            </param>
          </params>
          <reporter-output>
          </reporter-output>
        </test-method> <!-- cleanUp -->
        <test-method status="PASS" signature="testThisWeekendFunctionality_20005(java.lang.reflect.Method)[pri:4, instance:homepageTest.SportsTestCases@1a3869f4]" name="testThisWeekendFunctionality_20005" duration-ms="20700" started-at="2021-05-08T21:31:05 IST" finished-at="2021-05-08T21:31:26 IST">
          <params>
            <param index="0">
              <value>
                <![CDATA[public void homepageTest.SportsTestCases.testThisWeekendFunctionality_20005(java.lang.reflect.Method)]]>
              </value>
            </param>
          </params>
          <reporter-output>
          </reporter-output>
        </test-method> <!-- testThisWeekendFunctionality_20005 -->
        <test-method status="PASS" signature="cleanUp(org.testng.ITestResult)[pri:0, instance:homepageTest.SportsTestCases@1a3869f4]" name="cleanUp" is-config="true" duration-ms="406" started-at="2021-05-08T21:31:26 IST" finished-at="2021-05-08T21:31:27 IST">
          <params>
            <param index="0">
              <value>
                <![CDATA[[TestResult name=testThisWeekendFunctionality_20005 status=SUCCESS method=SportsTestCases.testThisWeekendFunctionality_20005(java.lang.reflect.Method)[pri:4, instance:homepageTest.SportsTestCases@1a3869f4] output={null}]]]>
              </value>
            </param>
          </params>
          <reporter-output>
          </reporter-output>
        </test-method> <!-- cleanUp -->
      </class> <!-- homepageTest.SportsTestCases -->
      <class name="homepageTest.SignInTestCases">
        <test-method status="PASS" signature="setUp()[pri:0, instance:homepageTest.SignInTestCases@63440df3]" name="setUp" is-config="true" duration-ms="167" started-at="2021-05-08T21:31:27 IST" finished-at="2021-05-08T21:31:27 IST">
          <reporter-output>
          </reporter-output>
        </test-method> <!-- setUp -->
        <test-method status="PASS" signature="testSignInButton_20014(java.lang.reflect.Method)[pri:0, instance:homepageTest.SignInTestCases@63440df3]" name="testSignInButton_20014" duration-ms="19621" started-at="2021-05-08T21:31:27 IST" finished-at="2021-05-08T21:31:46 IST">
          <params>
            <param index="0">
              <value>
                <![CDATA[public void homepageTest.SignInTestCases.testSignInButton_20014(java.lang.reflect.Method)]]>
              </value>
            </param>
          </params>
          <reporter-output>
          </reporter-output>
        </test-method> <!-- testSignInButton_20014 -->
        <test-method status="PASS" signature="cleanUp(org.testng.ITestResult)[pri:0, instance:homepageTest.SignInTestCases@63440df3]" name="cleanUp" is-config="true" duration-ms="383" started-at="2021-05-08T21:31:46 IST" finished-at="2021-05-08T21:31:47 IST">
          <params>
            <param index="0">
              <value>
                <![CDATA[[TestResult name=testSignInButton_20014 status=SUCCESS method=SignInTestCases.testSignInButton_20014(java.lang.reflect.Method)[pri:0, instance:homepageTest.SignInTestCases@63440df3] output={null}]]]>
              </value>
            </param>
          </params>
          <reporter-output>
          </reporter-output>
        </test-method> <!-- cleanUp -->
        <test-method status="PASS" signature="verifyIfContinueWithGoogleIsPresent_20015(java.lang.reflect.Method)[pri:1, instance:homepageTest.SignInTestCases@63440df3]" name="verifyIfContinueWithGoogleIsPresent_20015" duration-ms="19348" started-at="2021-05-08T21:31:47 IST" finished-at="2021-05-08T21:32:06 IST">
          <params>
            <param index="0">
              <value>
                <![CDATA[public void homepageTest.SignInTestCases.verifyIfContinueWithGoogleIsPresent_20015(java.lang.reflect.Method)]]>
              </value>
            </param>
          </params>
          <reporter-output>
          </reporter-output>
        </test-method> <!-- verifyIfContinueWithGoogleIsPresent_20015 -->
        <test-method status="PASS" signature="cleanUp(org.testng.ITestResult)[pri:0, instance:homepageTest.SignInTestCases@63440df3]" name="cleanUp" is-config="true" duration-ms="407" started-at="2021-05-08T21:32:06 IST" finished-at="2021-05-08T21:32:06 IST">
          <params>
            <param index="0">
              <value>
                <![CDATA[[TestResult name=verifyIfContinueWithGoogleIsPresent_20015 status=SUCCESS method=SignInTestCases.verifyIfContinueWithGoogleIsPresent_20015(java.lang.reflect.Method)[pri:1, instance:homepageTest.SignInTestCases@63440df3] output={null}]]]>
              </value>
            </param>
          </params>
          <reporter-output>
          </reporter-output>
        </test-method> <!-- cleanUp -->
        <test-method status="PASS" signature="testContinueWithGoogleButton_20016(java.lang.reflect.Method)[pri:0, instance:homepageTest.SignInTestCases@63440df3]" name="testContinueWithGoogleButton_20016" duration-ms="28426" started-at="2021-05-08T21:32:06 IST" depends-on-methods="homepageTest.SignInTestCases.verifyIfContinueWithGoogleIsPresent_20015" finished-at="2021-05-08T21:32:35 IST">
          <params>
            <param index="0">
              <value>
                <![CDATA[public void homepageTest.SignInTestCases.testContinueWithGoogleButton_20016(java.lang.reflect.Method)]]>
              </value>
            </param>
          </params>
          <reporter-output>
          </reporter-output>
        </test-method> <!-- testContinueWithGoogleButton_20016 -->
        <test-method status="PASS" signature="cleanUp(org.testng.ITestResult)[pri:0, instance:homepageTest.SignInTestCases@63440df3]" name="cleanUp" is-config="true" duration-ms="409" started-at="2021-05-08T21:32:35 IST" finished-at="2021-05-08T21:32:35 IST">
          <params>
            <param index="0">
              <value>
                <![CDATA[[TestResult name=testContinueWithGoogleButton_20016 status=SUCCESS method=SignInTestCases.testContinueWithGoogleButton_20016(java.lang.reflect.Method)[pri:0, instance:homepageTest.SignInTestCases@63440df3] output={null}]]]>
              </value>
            </param>
          </params>
          <reporter-output>
          </reporter-output>
        </test-method> <!-- cleanUp -->
        <test-method status="PASS" signature="signInWithInValidEmail_20019(java.lang.reflect.Method)[pri:0, instance:homepageTest.SignInTestCases@63440df3]" name="signInWithInValidEmail_20019" duration-ms="38838" started-at="2021-05-08T21:32:35 IST" depends-on-methods="homepageTest.SignInTestCases.testContinueWithGoogleButton_20016" finished-at="2021-05-08T21:33:14 IST">
          <params>
            <param index="0">
              <value>
                <![CDATA[public void homepageTest.SignInTestCases.signInWithInValidEmail_20019(java.lang.reflect.Method)]]>
              </value>
            </param>
          </params>
          <reporter-output>
          </reporter-output>
        </test-method> <!-- signInWithInValidEmail_20019 -->
        <test-method status="PASS" signature="cleanUp(org.testng.ITestResult)[pri:0, instance:homepageTest.SignInTestCases@63440df3]" name="cleanUp" is-config="true" duration-ms="435" started-at="2021-05-08T21:33:14 IST" finished-at="2021-05-08T21:33:15 IST">
          <params>
            <param index="0">
              <value>
                <![CDATA[[TestResult name=signInWithInValidEmail_20019 status=SUCCESS method=SignInTestCases.signInWithInValidEmail_20019(java.lang.reflect.Method)[pri:0, instance:homepageTest.SignInTestCases@63440df3] output={null}]]]>
              </value>
            </param>
          </params>
          <reporter-output>
          </reporter-output>
        </test-method> <!-- cleanUp -->
        <test-method status="PASS" signature="produceErrorWhileSignInWithoutEmail_20020(java.lang.reflect.Method)[pri:0, instance:homepageTest.SignInTestCases@63440df3]" name="produceErrorWhileSignInWithoutEmail_20020" duration-ms="32809" started-at="2021-05-08T21:33:15 IST" depends-on-methods="homepageTest.SignInTestCases.signInWithInValidEmail_20019, homepageTest.SignInTestCases.testContinueWithGoogleButton_20016" finished-at="2021-05-08T21:33:47 IST">
          <params>
            <param index="0">
              <value>
                <![CDATA[public void homepageTest.SignInTestCases.produceErrorWhileSignInWithoutEmail_20020(java.lang.reflect.Method)]]>
              </value>
            </param>
          </params>
          <reporter-output>
          </reporter-output>
        </test-method> <!-- produceErrorWhileSignInWithoutEmail_20020 -->
        <test-method status="PASS" signature="cleanUp(org.testng.ITestResult)[pri:0, instance:homepageTest.SignInTestCases@63440df3]" name="cleanUp" is-config="true" duration-ms="441" started-at="2021-05-08T21:33:47 IST" finished-at="2021-05-08T21:33:48 IST">
          <params>
            <param index="0">
              <value>
                <![CDATA[[TestResult name=produceErrorWhileSignInWithoutEmail_20020 status=SUCCESS method=SignInTestCases.produceErrorWhileSignInWithoutEmail_20020(java.lang.reflect.Method)[pri:0, instance:homepageTest.SignInTestCases@63440df3] output={null}]]]>
              </value>
            </param>
          </params>
          <reporter-output>
          </reporter-output>
        </test-method> <!-- cleanUp -->
      </class> <!-- homepageTest.SignInTestCases -->
      <class name="homepageTest.MoviesTestCases">
        <test-method status="PASS" signature="setUp()[pri:0, instance:homepageTest.MoviesTestCases@13c27452]" name="setUp" is-config="true" duration-ms="965" started-at="2021-05-08T21:27:24 IST" finished-at="2021-05-08T21:27:25 IST">
          <reporter-output>
          </reporter-output>
        </test-method> <!-- setUp -->
        <test-method status="PASS" signature="printListOfAllTheLanguages_20013(java.lang.reflect.Method)[pri:0, instance:homepageTest.MoviesTestCases@13c27452]" name="printListOfAllTheLanguages_20013" duration-ms="25940" started-at="2021-05-08T21:27:25 IST" finished-at="2021-05-08T21:27:51 IST">
          <params>
            <param index="0">
              <value>
                <![CDATA[public void homepageTest.MoviesTestCases.printListOfAllTheLanguages_20013(java.lang.reflect.Method)]]>
              </value>
            </param>
          </params>
          <reporter-output>
          </reporter-output>
        </test-method> <!-- printListOfAllTheLanguages_20013 -->
        <test-method status="PASS" signature="cleanUp(org.testng.ITestResult)[pri:0, instance:homepageTest.MoviesTestCases@13c27452]" name="cleanUp" is-config="true" duration-ms="480" started-at="2021-05-08T21:27:51 IST" finished-at="2021-05-08T21:27:52 IST">
          <params>
            <param index="0">
              <value>
                <![CDATA[[TestResult name=printListOfAllTheLanguages_20013 status=SUCCESS method=MoviesTestCases.printListOfAllTheLanguages_20013(java.lang.reflect.Method)[pri:0, instance:homepageTest.MoviesTestCases@13c27452] output={null}]]]>
              </value>
            </param>
          </params>
          <reporter-output>
          </reporter-output>
        </test-method> <!-- cleanUp -->
        <test-method status="PASS" signature="testIsMoviesButtonPresent_20009(java.lang.reflect.Method)[pri:0, instance:homepageTest.MoviesTestCases@13c27452]" name="testIsMoviesButtonPresent_20009" duration-ms="15195" started-at="2021-05-08T21:27:52 IST" finished-at="2021-05-08T21:28:07 IST">
          <params>
            <param index="0">
              <value>
                <![CDATA[public void homepageTest.MoviesTestCases.testIsMoviesButtonPresent_20009(java.lang.reflect.Method)]]>
              </value>
            </param>
          </params>
          <reporter-output>
          </reporter-output>
        </test-method> <!-- testIsMoviesButtonPresent_20009 -->
        <test-method status="PASS" signature="cleanUp(org.testng.ITestResult)[pri:0, instance:homepageTest.MoviesTestCases@13c27452]" name="cleanUp" is-config="true" duration-ms="468" started-at="2021-05-08T21:28:07 IST" finished-at="2021-05-08T21:28:07 IST">
          <params>
            <param index="0">
              <value>
                <![CDATA[[TestResult name=testIsMoviesButtonPresent_20009 status=SUCCESS method=MoviesTestCases.testIsMoviesButtonPresent_20009(java.lang.reflect.Method)[pri:0, instance:homepageTest.MoviesTestCases@13c27452] output={null}]]]>
              </value>
            </param>
          </params>
          <reporter-output>
          </reporter-output>
        </test-method> <!-- cleanUp -->
        <test-method status="FAIL" signature="checkIfClearButtonIsActive_20010(java.lang.reflect.Method)[pri:1, instance:homepageTest.MoviesTestCases@13c27452]" name="checkIfClearButtonIsActive_20010" duration-ms="30840" started-at="2021-05-08T21:28:07 IST" finished-at="2021-05-08T21:28:38 IST">
          <params>
            <param index="0">
              <value>
                <![CDATA[public void homepageTest.MoviesTestCases.checkIfClearButtonIsActive_20010(java.lang.reflect.Method)]]>
              </value>
            </param>
          </params>
          <exception class="org.openqa.selenium.NoSuchSessionException">
            <message>
              <![CDATA[invalid session id
Build info: version: '3.141.59', revision: 'e82be7d358', time: '2018-11-14T08:17:03'
System info: host: 'FASID-LEGION-Y5', ip: '192.168.1.6', os.name: 'Windows 10', os.arch: 'amd64', os.version: '10.0', java.version: '1.8.0_281'
Driver info: org.openqa.selenium.remote.RemoteWebDriver
Capabilities {acceptInsecureCerts: false, browserName: chrome, browserVersion: 90.0.4430.85, chrome: {chromedriverVersion: 90.0.4430.24 (4c6d850f087da..., userDataDir: /tmp/.com.google.Chrome.YNez26}, goog:chromeOptions: {debuggerAddress: localhost:45969}, javascriptEnabled: true, networkConnectionEnabled: false, pageLoadStrategy: normal, platform: LINUX, platformName: LINUX, proxy: Proxy(), setWindowRect: true, strictFileInteractability: false, timeouts: {implicit: 0, pageLoad: 300000, script: 30000}, unhandledPromptBehavior: dismiss and notify, webauthn:extension:largeBlob: true, webauthn:virtualAuthenticators: true, webdriver.remote.sessionid: e094fe1504799d462db92f06f40...}
Session ID: e094fe1504799d462db92f06f409f96b]]>
            </message>
            <full-stacktrace>
              <![CDATA[org.openqa.selenium.NoSuchSessionException: invalid session id
Build info: version: '3.141.59', revision: 'e82be7d358', time: '2018-11-14T08:17:03'
System info: host: 'FASID-LEGION-Y5', ip: '192.168.1.6', os.name: 'Windows 10', os.arch: 'amd64', os.version: '10.0', java.version: '1.8.0_281'
Driver info: org.openqa.selenium.remote.RemoteWebDriver
Capabilities {acceptInsecureCerts: false, browserName: chrome, browserVersion: 90.0.4430.85, chrome: {chromedriverVersion: 90.0.4430.24 (4c6d850f087da..., userDataDir: /tmp/.com.google.Chrome.YNez26}, goog:chromeOptions: {debuggerAddress: localhost:45969}, javascriptEnabled: true, networkConnectionEnabled: false, pageLoadStrategy: normal, platform: LINUX, platformName: LINUX, proxy: Proxy(), setWindowRect: true, strictFileInteractability: false, timeouts: {implicit: 0, pageLoad: 300000, script: 30000}, unhandledPromptBehavior: dismiss and notify, webauthn:extension:largeBlob: true, webauthn:virtualAuthenticators: true, webdriver.remote.sessionid: e094fe1504799d462db92f06f40...}
Session ID: e094fe1504799d462db92f06f409f96b
at sun.reflect.NativeConstructorAccessorImpl.newInstance0(Native Method)
at sun.reflect.NativeConstructorAccessorImpl.newInstance(NativeConstructorAccessorImpl.java:62)
at sun.reflect.DelegatingConstructorAccessorImpl.newInstance(DelegatingConstructorAccessorImpl.java:45)
at java.lang.reflect.Constructor.newInstance(Constructor.java:423)
at org.openqa.selenium.remote.http.W3CHttpResponseCodec.createException(W3CHttpResponseCodec.java:187)
at org.openqa.selenium.remote.http.W3CHttpResponseCodec.decode(W3CHttpResponseCodec.java:122)
at org.openqa.selenium.remote.http.W3CHttpResponseCodec.decode(W3CHttpResponseCodec.java:49)
at org.openqa.selenium.remote.HttpCommandExecutor.execute(HttpCommandExecutor.java:158)
at org.openqa.selenium.remote.RemoteWebDriver.execute(RemoteWebDriver.java:552)
at org.openqa.selenium.remote.RemoteWebDriver.execute(RemoteWebDriver.java:609)
at org.openqa.selenium.remote.RemoteWebDriver.getScreenshotAs(RemoteWebDriver.java:295)
at core.BaseUtils$Screenshot.takeScreenshot(BaseUtils.java:542)
at core.BaseUtils$common.cleanUp(BaseUtils.java:313)
at core.BaseUtils.clickAndWait(BaseUtils.java:1000)
at homepageTest.MoviesTestCases.checkIfClearButtonIsActive_20010(MoviesTestCases.java:57)
at sun.reflect.NativeMethodAccessorImpl.invoke0(Native Method)
at sun.reflect.NativeMethodAccessorImpl.invoke(NativeMethodAccessorImpl.java:62)
at sun.reflect.DelegatingMethodAccessorImpl.invoke(DelegatingMethodAccessorImpl.java:43)
at java.lang.reflect.Method.invoke(Method.java:498)
at org.testng.internal.MethodInvocationHelper.invokeMethod(MethodInvocationHelper.java:133)
at org.testng.internal.TestInvoker.invokeMethod(TestInvoker.java:598)
at org.testng.internal.TestInvoker.invokeTestMethod(TestInvoker.java:173)
at org.testng.internal.MethodRunner.runInSequence(MethodRunner.java:46)
at org.testng.internal.TestInvoker$MethodInvocationAgent.invoke(TestInvoker.java:824)
at org.testng.internal.TestInvoker.invokeTestMethods(TestInvoker.java:146)
at org.testng.internal.TestMethodWorker.invokeTestMethods(TestMethodWorker.java:146)
at org.testng.internal.TestMethodWorker.run(TestMethodWorker.java:128)
at java.util.ArrayList.forEach(ArrayList.java:1259)
at org.testng.TestRunner.privateRun(TestRunner.java:794)
at org.testng.TestRunner.run(TestRunner.java:596)
at org.testng.SuiteRunner.runTest(SuiteRunner.java:377)
at org.testng.SuiteRunner.runSequentially(SuiteRunner.java:371)
at org.testng.SuiteRunner.privateRun(SuiteRunner.java:332)
at org.testng.SuiteRunner.run(SuiteRunner.java:276)
at org.testng.SuiteRunnerWorker.runSuite(SuiteRunnerWorker.java:53)
at org.testng.SuiteRunnerWorker.run(SuiteRunnerWorker.java:96)
at org.testng.TestNG.runSuitesSequentially(TestNG.java:1212)
at org.testng.TestNG.runSuitesLocally(TestNG.java:1134)
at org.testng.TestNG.runSuites(TestNG.java:1063)
at org.testng.TestNG.run(TestNG.java:1031)
at org.testng.remote.AbstractRemoteTestNG.run(AbstractRemoteTestNG.java:115)
at org.testng.remote.RemoteTestNG.initAndRun(RemoteTestNG.java:251)
at org.testng.remote.RemoteTestNG.main(RemoteTestNG.java:77)
]]>
            </full-stacktrace>
          </exception> <!-- org.openqa.selenium.NoSuchSessionException -->
          <reporter-output>
          </reporter-output>
        </test-method> <!-- checkIfClearButtonIsActive_20010 -->
        <test-method status="FAIL" signature="cleanUp(org.testng.ITestResult)[pri:0, instance:homepageTest.MoviesTestCases@13c27452]" name="cleanUp" is-config="true" duration-ms="14" started-at="2021-05-08T21:28:38 IST" finished-at="2021-05-08T21:28:38 IST">
          <params>
            <param index="0">
              <value>
                <![CDATA[[TestResult name=checkIfClearButtonIsActive_20010 status=FAILURE method=MoviesTestCases.checkIfClearButtonIsActive_20010(java.lang.reflect.Method)[pri:1, instance:homepageTest.MoviesTestCases@13c27452] output={null}]]]>
              </value>
            </param>
          </params>
          <exception class="org.openqa.selenium.WebDriverException">
            <message>
              <![CDATA[Session [e094fe1504799d462db92f06f409f96b] was terminated due to BROWSER_TIMEOUT
Build info: version: '3.141.59', revision: 'e82be7d358', time: '2018-11-14T08:17:03'
System info: host: 'FASID-LEGION-Y5', ip: '192.168.1.6', os.name: 'Windows 10', os.arch: 'amd64', os.version: '10.0', java.version: '1.8.0_281'
Driver info: org.openqa.selenium.remote.RemoteWebDriver
Capabilities {acceptInsecureCerts: false, browserName: chrome, browserVersion: 90.0.4430.85, chrome: {chromedriverVersion: 90.0.4430.24 (4c6d850f087da..., userDataDir: /tmp/.com.google.Chrome.YNez26}, goog:chromeOptions: {debuggerAddress: localhost:45969}, javascriptEnabled: true, networkConnectionEnabled: false, pageLoadStrategy: normal, platform: LINUX, platformName: LINUX, proxy: Proxy(), setWindowRect: true, strictFileInteractability: false, timeouts: {implicit: 0, pageLoad: 300000, script: 30000}, unhandledPromptBehavior: dismiss and notify, webauthn:extension:largeBlob: true, webauthn:virtualAuthenticators: true, webdriver.remote.sessionid: e094fe1504799d462db92f06f40...}
Session ID: e094fe1504799d462db92f06f409f96b]]>
            </message>
            <full-stacktrace>
              <![CDATA[org.openqa.selenium.WebDriverException: Session [e094fe1504799d462db92f06f409f96b] was terminated due to BROWSER_TIMEOUT
Build info: version: '3.141.59', revision: 'e82be7d358', time: '2018-11-14T08:17:03'
System info: host: 'FASID-LEGION-Y5', ip: '192.168.1.6', os.name: 'Windows 10', os.arch: 'amd64', os.version: '10.0', java.version: '1.8.0_281'
Driver info: org.openqa.selenium.remote.RemoteWebDriver
Capabilities {acceptInsecureCerts: false, browserName: chrome, browserVersion: 90.0.4430.85, chrome: {chromedriverVersion: 90.0.4430.24 (4c6d850f087da..., userDataDir: /tmp/.com.google.Chrome.YNez26}, goog:chromeOptions: {debuggerAddress: localhost:45969}, javascriptEnabled: true, networkConnectionEnabled: false, pageLoadStrategy: normal, platform: LINUX, platformName: LINUX, proxy: Proxy(), setWindowRect: true, strictFileInteractability: false, timeouts: {implicit: 0, pageLoad: 300000, script: 30000}, unhandledPromptBehavior: dismiss and notify, webauthn:extension:largeBlob: true, webauthn:virtualAuthenticators: true, webdriver.remote.sessionid: e094fe1504799d462db92f06f40...}
Session ID: e094fe1504799d462db92f06f409f96b
at sun.reflect.NativeConstructorAccessorImpl.newInstance0(Native Method)
at sun.reflect.NativeConstructorAccessorImpl.newInstance(NativeConstructorAccessorImpl.java:62)
at sun.reflect.DelegatingConstructorAccessorImpl.newInstance(DelegatingConstructorAccessorImpl.java:45)
at java.lang.reflect.Constructor.newInstance(Constructor.java:423)
at org.openqa.selenium.remote.http.W3CHttpResponseCodec.createException(W3CHttpResponseCodec.java:187)
at org.openqa.selenium.remote.http.W3CHttpResponseCodec.decode(W3CHttpResponseCodec.java:122)
at org.openqa.selenium.remote.http.W3CHttpResponseCodec.decode(W3CHttpResponseCodec.java:49)
at org.openqa.selenium.remote.HttpCommandExecutor.execute(HttpCommandExecutor.java:158)
at org.openqa.selenium.remote.RemoteWebDriver.execute(RemoteWebDriver.java:552)
at org.openqa.selenium.remote.RemoteWebDriver.execute(RemoteWebDriver.java:609)
at org.openqa.selenium.remote.RemoteWebDriver.quit(RemoteWebDriver.java:452)
at core.BaseUtils$common.cleanUpOnFailure(BaseUtils.java:296)
at homepageTest.MoviesTestCases.cleanUp(MoviesTestCases.java:115)
at sun.reflect.NativeMethodAccessorImpl.invoke0(Native Method)
at sun.reflect.NativeMethodAccessorImpl.invoke(NativeMethodAccessorImpl.java:62)
at sun.reflect.DelegatingMethodAccessorImpl.invoke(DelegatingMethodAccessorImpl.java:43)
at java.lang.reflect.Method.invoke(Method.java:498)
at org.testng.internal.MethodInvocationHelper.invokeMethod(MethodInvocationHelper.java:133)
at org.testng.internal.MethodInvocationHelper.invokeMethodConsideringTimeout(MethodInvocationHelper.java:62)
at org.testng.internal.ConfigInvoker.invokeConfigurationMethod(ConfigInvoker.java:385)
at org.testng.internal.ConfigInvoker.invokeConfigurations(ConfigInvoker.java:321)
at org.testng.internal.TestInvoker.runConfigMethods(TestInvoker.java:700)
at org.testng.internal.TestInvoker.runAfterGroupsConfigurations(TestInvoker.java:676)
at org.testng.internal.TestInvoker.invokeMethod(TestInvoker.java:660)
at org.testng.internal.TestInvoker.invokeTestMethod(TestInvoker.java:173)
at org.testng.internal.MethodRunner.runInSequence(MethodRunner.java:46)
at org.testng.internal.TestInvoker$MethodInvocationAgent.invoke(TestInvoker.java:824)
at org.testng.internal.TestInvoker.invokeTestMethods(TestInvoker.java:146)
at org.testng.internal.TestMethodWorker.invokeTestMethods(TestMethodWorker.java:146)
at org.testng.internal.TestMethodWorker.run(TestMethodWorker.java:128)
at java.util.ArrayList.forEach(ArrayList.java:1259)
at org.testng.TestRunner.privateRun(TestRunner.java:794)
at org.testng.TestRunner.run(TestRunner.java:596)
at org.testng.SuiteRunner.runTest(SuiteRunner.java:377)
at org.testng.SuiteRunner.runSequentially(SuiteRunner.java:371)
at org.testng.SuiteRunner.privateRun(SuiteRunner.java:332)
at org.testng.SuiteRunner.run(SuiteRunner.java:276)
at org.testng.SuiteRunnerWorker.runSuite(SuiteRunnerWorker.java:53)
at org.testng.SuiteRunnerWorker.run(SuiteRunnerWorker.java:96)
at org.testng.TestNG.runSuitesSequentially(TestNG.java:1212)
at org.testng.TestNG.runSuitesLocally(TestNG.java:1134)
at org.testng.TestNG.runSuites(TestNG.java:1063)
at org.testng.TestNG.run(TestNG.java:1031)
at org.testng.remote.AbstractRemoteTestNG.run(AbstractRemoteTestNG.java:115)
at org.testng.remote.RemoteTestNG.initAndRun(RemoteTestNG.java:251)
at org.testng.remote.RemoteTestNG.main(RemoteTestNG.java:77)
]]>
            </full-stacktrace>
          </exception> <!-- org.openqa.selenium.WebDriverException -->
          <reporter-output>
          </reporter-output>
        </test-method> <!-- cleanUp -->
        <test-method status="SKIP" signature="testIfLanguagesButtonIsActive_20011(java.lang.reflect.Method)[pri:2, instance:homepageTest.MoviesTestCases@13c27452]" name="testIfLanguagesButtonIsActive_20011" duration-ms="0" started-at="2021-05-08T21:28:38 IST" finished-at="2021-05-08T21:28:38 IST">
          <params>
            <param index="0">
              <value>
                <![CDATA[public void homepageTest.MoviesTestCases.testIfLanguagesButtonIsActive_20011(java.lang.reflect.Method)]]>
              </value>
            </param>
          </params>
          <exception class="org.openqa.selenium.WebDriverException">
            <message>
              <![CDATA[Session [e094fe1504799d462db92f06f409f96b] was terminated due to BROWSER_TIMEOUT
Build info: version: '3.141.59', revision: 'e82be7d358', time: '2018-11-14T08:17:03'
System info: host: 'FASID-LEGION-Y5', ip: '192.168.1.6', os.name: 'Windows 10', os.arch: 'amd64', os.version: '10.0', java.version: '1.8.0_281'
Driver info: org.openqa.selenium.remote.RemoteWebDriver
Capabilities {acceptInsecureCerts: false, browserName: chrome, browserVersion: 90.0.4430.85, chrome: {chromedriverVersion: 90.0.4430.24 (4c6d850f087da..., userDataDir: /tmp/.com.google.Chrome.YNez26}, goog:chromeOptions: {debuggerAddress: localhost:45969}, javascriptEnabled: true, networkConnectionEnabled: false, pageLoadStrategy: normal, platform: LINUX, platformName: LINUX, proxy: Proxy(), setWindowRect: true, strictFileInteractability: false, timeouts: {implicit: 0, pageLoad: 300000, script: 30000}, unhandledPromptBehavior: dismiss and notify, webauthn:extension:largeBlob: true, webauthn:virtualAuthenticators: true, webdriver.remote.sessionid: e094fe1504799d462db92f06f40...}
Session ID: e094fe1504799d462db92f06f409f96b]]>
            </message>
            <full-stacktrace>
              <![CDATA[org.openqa.selenium.WebDriverException: Session [e094fe1504799d462db92f06f409f96b] was terminated due to BROWSER_TIMEOUT
Build info: version: '3.141.59', revision: 'e82be7d358', time: '2018-11-14T08:17:03'
System info: host: 'FASID-LEGION-Y5', ip: '192.168.1.6', os.name: 'Windows 10', os.arch: 'amd64', os.version: '10.0', java.version: '1.8.0_281'
Driver info: org.openqa.selenium.remote.RemoteWebDriver
Capabilities {acceptInsecureCerts: false, browserName: chrome, browserVersion: 90.0.4430.85, chrome: {chromedriverVersion: 90.0.4430.24 (4c6d850f087da..., userDataDir: /tmp/.com.google.Chrome.YNez26}, goog:chromeOptions: {debuggerAddress: localhost:45969}, javascriptEnabled: true, networkConnectionEnabled: false, pageLoadStrategy: normal, platform: LINUX, platformName: LINUX, proxy: Proxy(), setWindowRect: true, strictFileInteractability: false, timeouts: {implicit: 0, pageLoad: 300000, script: 30000}, unhandledPromptBehavior: dismiss and notify, webauthn:extension:largeBlob: true, webauthn:virtualAuthenticators: true, webdriver.remote.sessionid: e094fe1504799d462db92f06f40...}
Session ID: e094fe1504799d462db92f06f409f96b
at sun.reflect.NativeConstructorAccessorImpl.newInstance0(Native Method)
at sun.reflect.NativeConstructorAccessorImpl.newInstance(NativeConstructorAccessorImpl.java:62)
at sun.reflect.DelegatingConstructorAccessorImpl.newInstance(DelegatingConstructorAccessorImpl.java:45)
at java.lang.reflect.Constructor.newInstance(Constructor.java:423)
at org.openqa.selenium.remote.http.W3CHttpResponseCodec.createException(W3CHttpResponseCodec.java:187)
at org.openqa.selenium.remote.http.W3CHttpResponseCodec.decode(W3CHttpResponseCodec.java:122)
at org.openqa.selenium.remote.http.W3CHttpResponseCodec.decode(W3CHttpResponseCodec.java:49)
at org.openqa.selenium.remote.HttpCommandExecutor.execute(HttpCommandExecutor.java:158)
at org.openqa.selenium.remote.RemoteWebDriver.execute(RemoteWebDriver.java:552)
at org.openqa.selenium.remote.RemoteWebDriver.execute(RemoteWebDriver.java:609)
at org.openqa.selenium.remote.RemoteWebDriver.quit(RemoteWebDriver.java:452)
at core.BaseUtils$common.cleanUpOnFailure(BaseUtils.java:296)
at homepageTest.MoviesTestCases.cleanUp(MoviesTestCases.java:115)
at sun.reflect.NativeMethodAccessorImpl.invoke0(Native Method)
at sun.reflect.NativeMethodAccessorImpl.invoke(NativeMethodAccessorImpl.java:62)
at sun.reflect.DelegatingMethodAccessorImpl.invoke(DelegatingMethodAccessorImpl.java:43)
at java.lang.reflect.Method.invoke(Method.java:498)
at org.testng.internal.MethodInvocationHelper.invokeMethod(MethodInvocationHelper.java:133)
at org.testng.internal.MethodInvocationHelper.invokeMethodConsideringTimeout(MethodInvocationHelper.java:62)
at org.testng.internal.ConfigInvoker.invokeConfigurationMethod(ConfigInvoker.java:385)
at org.testng.internal.ConfigInvoker.invokeConfigurations(ConfigInvoker.java:321)
at org.testng.internal.TestInvoker.runConfigMethods(TestInvoker.java:700)
at org.testng.internal.TestInvoker.runAfterGroupsConfigurations(TestInvoker.java:676)
at org.testng.internal.TestInvoker.invokeMethod(TestInvoker.java:660)
at org.testng.internal.TestInvoker.invokeTestMethod(TestInvoker.java:173)
at org.testng.internal.MethodRunner.runInSequence(MethodRunner.java:46)
at org.testng.internal.TestInvoker$MethodInvocationAgent.invoke(TestInvoker.java:824)
at org.testng.internal.TestInvoker.invokeTestMethods(TestInvoker.java:146)
at org.testng.internal.TestMethodWorker.invokeTestMethods(TestMethodWorker.java:146)
at org.testng.internal.TestMethodWorker.run(TestMethodWorker.java:128)
at java.util.ArrayList.forEach(ArrayList.java:1259)
at org.testng.TestRunner.privateRun(TestRunner.java:794)
at org.testng.TestRunner.run(TestRunner.java:596)
at org.testng.SuiteRunner.runTest(SuiteRunner.java:377)
at org.testng.SuiteRunner.runSequentially(SuiteRunner.java:371)
at org.testng.SuiteRunner.privateRun(SuiteRunner.java:332)
at org.testng.SuiteRunner.run(SuiteRunner.java:276)
at org.testng.SuiteRunnerWorker.runSuite(SuiteRunnerWorker.java:53)
at org.testng.SuiteRunnerWorker.run(SuiteRunnerWorker.java:96)
at org.testng.TestNG.runSuitesSequentially(TestNG.java:1212)
at org.testng.TestNG.runSuitesLocally(TestNG.java:1134)
at org.testng.TestNG.runSuites(TestNG.java:1063)
at org.testng.TestNG.run(TestNG.java:1031)
at org.testng.remote.AbstractRemoteTestNG.run(AbstractRemoteTestNG.java:115)
at org.testng.remote.RemoteTestNG.initAndRun(RemoteTestNG.java:251)
at org.testng.remote.RemoteTestNG.main(RemoteTestNG.java:77)
]]>
            </full-stacktrace>
          </exception> <!-- org.openqa.selenium.WebDriverException -->
          <reporter-output>
          </reporter-output>
        </test-method> <!-- testIfLanguagesButtonIsActive_20011 -->
        <test-method status="SKIP" signature="cleanUp(org.testng.ITestResult)[pri:0, instance:homepageTest.MoviesTestCases@13c27452]" name="cleanUp" is-config="true" duration-ms="-1620489518645" started-at="2021-05-08T21:28:38 IST" finished-at="1970-01-01T05:30:00 IST">
          <reporter-output>
          </reporter-output>
        </test-method> <!-- cleanUp -->
        <test-method status="SKIP" signature="testIfLanguagesAreDisplayed_20012(java.lang.reflect.Method)[pri:3, instance:homepageTest.MoviesTestCases@13c27452]" name="testIfLanguagesAreDisplayed_20012" duration-ms="0" started-at="2021-05-08T21:28:38 IST" finished-at="2021-05-08T21:28:38 IST">
          <params>
            <param index="0">
              <value>
                <![CDATA[public void homepageTest.MoviesTestCases.testIfLanguagesAreDisplayed_20012(java.lang.reflect.Method)]]>
              </value>
            </param>
          </params>
          <exception class="org.openqa.selenium.WebDriverException">
            <message>
              <![CDATA[Session [e094fe1504799d462db92f06f409f96b] was terminated due to BROWSER_TIMEOUT
Build info: version: '3.141.59', revision: 'e82be7d358', time: '2018-11-14T08:17:03'
System info: host: 'FASID-LEGION-Y5', ip: '192.168.1.6', os.name: 'Windows 10', os.arch: 'amd64', os.version: '10.0', java.version: '1.8.0_281'
Driver info: org.openqa.selenium.remote.RemoteWebDriver
Capabilities {acceptInsecureCerts: false, browserName: chrome, browserVersion: 90.0.4430.85, chrome: {chromedriverVersion: 90.0.4430.24 (4c6d850f087da..., userDataDir: /tmp/.com.google.Chrome.YNez26}, goog:chromeOptions: {debuggerAddress: localhost:45969}, javascriptEnabled: true, networkConnectionEnabled: false, pageLoadStrategy: normal, platform: LINUX, platformName: LINUX, proxy: Proxy(), setWindowRect: true, strictFileInteractability: false, timeouts: {implicit: 0, pageLoad: 300000, script: 30000}, unhandledPromptBehavior: dismiss and notify, webauthn:extension:largeBlob: true, webauthn:virtualAuthenticators: true, webdriver.remote.sessionid: e094fe1504799d462db92f06f40...}
Session ID: e094fe1504799d462db92f06f409f96b]]>
            </message>
            <full-stacktrace>
              <![CDATA[org.openqa.selenium.WebDriverException: Session [e094fe1504799d462db92f06f409f96b] was terminated due to BROWSER_TIMEOUT
Build info: version: '3.141.59', revision: 'e82be7d358', time: '2018-11-14T08:17:03'
System info: host: 'FASID-LEGION-Y5', ip: '192.168.1.6', os.name: 'Windows 10', os.arch: 'amd64', os.version: '10.0', java.version: '1.8.0_281'
Driver info: org.openqa.selenium.remote.RemoteWebDriver
Capabilities {acceptInsecureCerts: false, browserName: chrome, browserVersion: 90.0.4430.85, chrome: {chromedriverVersion: 90.0.4430.24 (4c6d850f087da..., userDataDir: /tmp/.com.google.Chrome.YNez26}, goog:chromeOptions: {debuggerAddress: localhost:45969}, javascriptEnabled: true, networkConnectionEnabled: false, pageLoadStrategy: normal, platform: LINUX, platformName: LINUX, proxy: Proxy(), setWindowRect: true, strictFileInteractability: false, timeouts: {implicit: 0, pageLoad: 300000, script: 30000}, unhandledPromptBehavior: dismiss and notify, webauthn:extension:largeBlob: true, webauthn:virtualAuthenticators: true, webdriver.remote.sessionid: e094fe1504799d462db92f06f40...}
Session ID: e094fe1504799d462db92f06f409f96b
at sun.reflect.NativeConstructorAccessorImpl.newInstance0(Native Method)
at sun.reflect.NativeConstructorAccessorImpl.newInstance(NativeConstructorAccessorImpl.java:62)
at sun.reflect.DelegatingConstructorAccessorImpl.newInstance(DelegatingConstructorAccessorImpl.java:45)
at java.lang.reflect.Constructor.newInstance(Constructor.java:423)
at org.openqa.selenium.remote.http.W3CHttpResponseCodec.createException(W3CHttpResponseCodec.java:187)
at org.openqa.selenium.remote.http.W3CHttpResponseCodec.decode(W3CHttpResponseCodec.java:122)
at org.openqa.selenium.remote.http.W3CHttpResponseCodec.decode(W3CHttpResponseCodec.java:49)
at org.openqa.selenium.remote.HttpCommandExecutor.execute(HttpCommandExecutor.java:158)
at org.openqa.selenium.remote.RemoteWebDriver.execute(RemoteWebDriver.java:552)
at org.openqa.selenium.remote.RemoteWebDriver.execute(RemoteWebDriver.java:609)
at org.openqa.selenium.remote.RemoteWebDriver.quit(RemoteWebDriver.java:452)
at core.BaseUtils$common.cleanUpOnFailure(BaseUtils.java:296)
at homepageTest.MoviesTestCases.cleanUp(MoviesTestCases.java:115)
at sun.reflect.NativeMethodAccessorImpl.invoke0(Native Method)
at sun.reflect.NativeMethodAccessorImpl.invoke(NativeMethodAccessorImpl.java:62)
at sun.reflect.DelegatingMethodAccessorImpl.invoke(DelegatingMethodAccessorImpl.java:43)
at java.lang.reflect.Method.invoke(Method.java:498)
at org.testng.internal.MethodInvocationHelper.invokeMethod(MethodInvocationHelper.java:133)
at org.testng.internal.MethodInvocationHelper.invokeMethodConsideringTimeout(MethodInvocationHelper.java:62)
at org.testng.internal.ConfigInvoker.invokeConfigurationMethod(ConfigInvoker.java:385)
at org.testng.internal.ConfigInvoker.invokeConfigurations(ConfigInvoker.java:321)
at org.testng.internal.TestInvoker.runConfigMethods(TestInvoker.java:700)
at org.testng.internal.TestInvoker.runAfterGroupsConfigurations(TestInvoker.java:676)
at org.testng.internal.TestInvoker.invokeMethod(TestInvoker.java:660)
at org.testng.internal.TestInvoker.invokeTestMethod(TestInvoker.java:173)
at org.testng.internal.MethodRunner.runInSequence(MethodRunner.java:46)
at org.testng.internal.TestInvoker$MethodInvocationAgent.invoke(TestInvoker.java:824)
at org.testng.internal.TestInvoker.invokeTestMethods(TestInvoker.java:146)
at org.testng.internal.TestMethodWorker.invokeTestMethods(TestMethodWorker.java:146)
at org.testng.internal.TestMethodWorker.run(TestMethodWorker.java:128)
at java.util.ArrayList.forEach(ArrayList.java:1259)
at org.testng.TestRunner.privateRun(TestRunner.java:794)
at org.testng.TestRunner.run(TestRunner.java:596)
at org.testng.SuiteRunner.runTest(SuiteRunner.java:377)
at org.testng.SuiteRunner.runSequentially(SuiteRunner.java:371)
at org.testng.SuiteRunner.privateRun(SuiteRunner.java:332)
at org.testng.SuiteRunner.run(SuiteRunner.java:276)
at org.testng.SuiteRunnerWorker.runSuite(SuiteRunnerWorker.java:53)
at org.testng.SuiteRunnerWorker.run(SuiteRunnerWorker.java:96)
at org.testng.TestNG.runSuitesSequentially(TestNG.java:1212)
at org.testng.TestNG.runSuitesLocally(TestNG.java:1134)
at org.testng.TestNG.runSuites(TestNG.java:1063)
at org.testng.TestNG.run(TestNG.java:1031)
at org.testng.remote.AbstractRemoteTestNG.run(AbstractRemoteTestNG.java:115)
at org.testng.remote.RemoteTestNG.initAndRun(RemoteTestNG.java:251)
at org.testng.remote.RemoteTestNG.main(RemoteTestNG.java:77)
]]>
            </full-stacktrace>
          </exception> <!-- org.openqa.selenium.WebDriverException -->
          <reporter-output>
          </reporter-output>
        </test-method> <!-- testIfLanguagesAreDisplayed_20012 -->
        <test-method status="SKIP" signature="cleanUp(org.testng.ITestResult)[pri:0, instance:homepageTest.MoviesTestCases@13c27452]" name="cleanUp" is-config="true" duration-ms="-1620489518650" started-at="2021-05-08T21:28:38 IST" finished-at="1970-01-01T05:30:00 IST">
          <reporter-output>
          </reporter-output>
        </test-method> <!-- cleanUp -->
      </class> <!-- homepageTest.MoviesTestCases -->
    </test> <!-- BookMyShowApp -->
  </suite> <!-- Regression TestSuite -->
</testng-results>
